<?xml version="1.0" encoding="UTF-8"?>
<!-- Generated by org.testng.reporters.JUnitXMLReporter -->
<testsuite hostname="DESKTOP-C3NVCIR" failures="0" tests="3" name="Default test" time="78.811" errors="0" timestamp="21 May 2022 14:12:19 GMT">
  <testcase classname="com.qa.testcases.superadmin.SuperDashboardPageTest" name="dash_title" time="0.084"/>
  <testcase classname="com.qa.testcases.superadmin.SuperDashboardPageTest" name="create_ceo" time="20.802"/>
  <testcase classname="com.qa.testcases.superadmin.SuperDashboardPageTest" name="Test_APISettings" time="0.098"/>
</testsuite> <!-- Default test -->
